<?xml version="1.0" encoding="UTF-8"?>
<testsuite name="dominio.unitaria.VigilanteTest" tests="2" skipped="0" failures="0" errors="0" timestamp="2017-12-11T18:19:42" hostname="FERNEY-ESCOBAR" time="0.003">
  <properties/>
  <testcase name="vehiculoParqueadoTest" classname="dominio.unitaria.VigilanteTest" time="0.002"/>
  <testcase name="registrarIngresoVehiculoTest" classname="dominio.unitaria.VigilanteTest" time="0.001"/>
  <system-out><![CDATA[]]></system-out>
  <system-err><![CDATA[]]></system-err>
</testsuite>
