<?xml version="1.0" encoding="UTF-8"?>
<testsuite name="dominio.unitaria.VigilanteTest" tests="3" skipped="0" failures="0" errors="0" timestamp="2017-12-11T20:33:55" hostname="FERNEY-ESCOBAR" time="0.004">
  <properties/>
  <testcase name="vehiculoParqueadoTest" classname="dominio.unitaria.VigilanteTest" time="0.0"/>
  <testcase name="registrarIngresoVehiculoCarroTest" classname="dominio.unitaria.VigilanteTest" time="0.0"/>
  <testcase name="registrarIngresoVehiculoMotoTest" classname="dominio.unitaria.VigilanteTest" time="0.001"/>
  <system-out><![CDATA[]]></system-out>
  <system-err><![CDATA[]]></system-err>
</testsuite>
