<?xml version="1.0" encoding="UTF-8"?>
<testsuite name="dominio.integracion.VigilanteTest" tests="3" skipped="0" failures="0" errors="0" timestamp="2017-12-11T20:33:55" hostname="FERNEY-ESCOBAR" time="0.006">
  <properties/>
  <testcase name="registrarIngresoPlacaATest" classname="dominio.integracion.VigilanteTest" time="0.004"/>
  <testcase name="registrarIngresoMotosSimultaneasTest" classname="dominio.integracion.VigilanteTest" time="0.0"/>
  <testcase name="registrarIngresoCarrosSimultaneasTest" classname="dominio.integracion.VigilanteTest" time="0.0"/>
  <system-out><![CDATA[]]></system-out>
  <system-err><![CDATA[]]></system-err>
</testsuite>
